<?xml version="1.0" encoding="UTF-8"?>
<testng-results skipped="0" failed="2" ignored="0" total="6" passed="4">
  <reporter-output>
  </reporter-output>
  <suite name="Default suite" duration-ms="153401" started-at="2022-07-02T14:04:41Z" finished-at="2022-07-02T14:07:15Z">
    <groups>
    </groups>
    <test name="Default test" duration-ms="153401" started-at="2022-07-02T14:04:41Z" finished-at="2022-07-02T14:07:15Z">
      <class name="org.fbb.FaceBookNew">
        <test-method status="PASS" signature="validCombination()[pri:1, instance:org.fbb.FaceBookNew@41eaa2]" name="validCombination" duration-ms="15783" started-at="2022-07-02T14:04:41Z" finished-at="2022-07-02T14:04:57Z">
          <reporter-output>
          </reporter-output>
        </test-method> <!-- validCombination -->
        <test-method status="PASS" signature="invalidCombination1()[pri:2, instance:org.fbb.FaceBookNew@41eaa2]" name="invalidCombination1" duration-ms="14981" started-at="2022-07-02T14:04:57Z" finished-at="2022-07-02T14:05:12Z">
          <reporter-output>
          </reporter-output>
        </test-method> <!-- invalidCombination1 -->
        <test-method status="PASS" signature="invalidCombination2()[pri:3, instance:org.fbb.FaceBookNew@41eaa2]" name="invalidCombination2" duration-ms="17780" started-at="2022-07-02T14:05:12Z" finished-at="2022-07-02T14:05:30Z">
          <reporter-output>
          </reporter-output>
        </test-method> <!-- invalidCombination2 -->
        <test-method status="PASS" signature="invalidCombination3()[pri:4, instance:org.fbb.FaceBookNew@41eaa2]" name="invalidCombination3" duration-ms="38607" started-at="2022-07-02T14:05:30Z" finished-at="2022-07-02T14:06:09Z">
          <reporter-output>
          </reporter-output>
        </test-method> <!-- invalidCombination3 -->
        <test-method status="FAIL" signature="invalidCombination4()[pri:5, instance:org.fbb.FaceBookNew@41eaa2]" name="invalidCombination4" duration-ms="28512" started-at="2022-07-02T14:06:09Z" finished-at="2022-07-02T14:06:37Z">
          <exception class="java.lang.NullPointerException">
            <full-stacktrace>
              <![CDATA[java.lang.NullPointerException
at org.base.BaseClass.readExcel(BaseClass.java:444)
at org.fbb.FaceBookNew.invalidCombination4(FaceBookNew.java:53)
at sun.reflect.NativeMethodAccessorImpl.invoke0(Native Method)
at sun.reflect.NativeMethodAccessorImpl.invoke(Unknown Source)
at sun.reflect.DelegatingMethodAccessorImpl.invoke(Unknown Source)
at java.lang.reflect.Method.invoke(Unknown Source)
at org.testng.internal.MethodInvocationHelper.invokeMethod(MethodInvocationHelper.java:124)
at org.testng.internal.Invoker.invokeMethod(Invoker.java:583)
at org.testng.internal.Invoker.invokeTestMethod(Invoker.java:719)
at org.testng.internal.Invoker.invokeTestMethods(Invoker.java:989)
at org.testng.internal.TestMethodWorker.invokeTestMethods(TestMethodWorker.java:125)
at org.testng.internal.TestMethodWorker.run(TestMethodWorker.java:109)
at org.testng.TestRunner.privateRun(TestRunner.java:648)
at org.testng.TestRunner.run(TestRunner.java:505)
at org.testng.SuiteRunner.runTest(SuiteRunner.java:455)
at org.testng.SuiteRunner.runSequentially(SuiteRunner.java:450)
at org.testng.SuiteRunner.privateRun(SuiteRunner.java:415)
at org.testng.SuiteRunner.run(SuiteRunner.java:364)
at org.testng.SuiteRunnerWorker.runSuite(SuiteRunnerWorker.java:52)
at org.testng.SuiteRunnerWorker.run(SuiteRunnerWorker.java:84)
at org.testng.TestNG.runSuitesSequentially(TestNG.java:1208)
at org.testng.TestNG.runSuitesLocally(TestNG.java:1137)
at org.testng.TestNG.runSuites(TestNG.java:1049)
at org.testng.TestNG.run(TestNG.java:1017)
at org.testng.remote.AbstractRemoteTestNG.run(AbstractRemoteTestNG.java:132)
at org.testng.remote.RemoteTestNG.initAndRun(RemoteTestNG.java:230)
at org.testng.remote.RemoteTestNG.main(RemoteTestNG.java:76)
]]>
            </full-stacktrace>
          </exception> <!-- java.lang.NullPointerException -->
          <reporter-output>
          </reporter-output>
        </test-method> <!-- invalidCombination4 -->
        <test-method status="FAIL" signature="invalidCombination5()[pri:6, instance:org.fbb.FaceBookNew@41eaa2]" name="invalidCombination5" duration-ms="37585" started-at="2022-07-02T14:06:37Z" finished-at="2022-07-02T14:07:15Z">
          <exception class="java.lang.NullPointerException">
            <full-stacktrace>
              <![CDATA[java.lang.NullPointerException
at org.base.BaseClass.readExcel(BaseClass.java:444)
at org.fbb.FaceBookNew.invalidCombination5(FaceBookNew.java:63)
at sun.reflect.NativeMethodAccessorImpl.invoke0(Native Method)
at sun.reflect.NativeMethodAccessorImpl.invoke(Unknown Source)
at sun.reflect.DelegatingMethodAccessorImpl.invoke(Unknown Source)
at java.lang.reflect.Method.invoke(Unknown Source)
at org.testng.internal.MethodInvocationHelper.invokeMethod(MethodInvocationHelper.java:124)
at org.testng.internal.Invoker.invokeMethod(Invoker.java:583)
at org.testng.internal.Invoker.invokeTestMethod(Invoker.java:719)
at org.testng.internal.Invoker.invokeTestMethods(Invoker.java:989)
at org.testng.internal.TestMethodWorker.invokeTestMethods(TestMethodWorker.java:125)
at org.testng.internal.TestMethodWorker.run(TestMethodWorker.java:109)
at org.testng.TestRunner.privateRun(TestRunner.java:648)
at org.testng.TestRunner.run(TestRunner.java:505)
at org.testng.SuiteRunner.runTest(SuiteRunner.java:455)
at org.testng.SuiteRunner.runSequentially(SuiteRunner.java:450)
at org.testng.SuiteRunner.privateRun(SuiteRunner.java:415)
at org.testng.SuiteRunner.run(SuiteRunner.java:364)
at org.testng.SuiteRunnerWorker.runSuite(SuiteRunnerWorker.java:52)
at org.testng.SuiteRunnerWorker.run(SuiteRunnerWorker.java:84)
at org.testng.TestNG.runSuitesSequentially(TestNG.java:1208)
at org.testng.TestNG.runSuitesLocally(TestNG.java:1137)
at org.testng.TestNG.runSuites(TestNG.java:1049)
at org.testng.TestNG.run(TestNG.java:1017)
at org.testng.remote.AbstractRemoteTestNG.run(AbstractRemoteTestNG.java:132)
at org.testng.remote.RemoteTestNG.initAndRun(RemoteTestNG.java:230)
at org.testng.remote.RemoteTestNG.main(RemoteTestNG.java:76)
]]>
            </full-stacktrace>
          </exception> <!-- java.lang.NullPointerException -->
          <reporter-output>
          </reporter-output>
        </test-method> <!-- invalidCombination5 -->
      </class> <!-- org.fbb.FaceBookNew -->
    </test> <!-- Default test -->
  </suite> <!-- Default suite -->
</testng-results>
